<?xml version="1.0" encoding="UTF-8" standalone="no"?><testsuite errors="0" failures="0" name="Registro de cuenta nueva en el sitio web &quot;advantageonlineshopping.com/&quot;" skipped="20" tests="20" time="0.56" timestamp="2022-10-04 09:58:41"><testcase name="Campo de texto Username solo debe permitir como maximo el ingreso de quince caracteres."><skipped/></testcase><testcase name="Campo de texto Username solo debe permitir como minimo el ingreso de cinco caracteres."><skipped/></testcase><testcase name="validaci�n campo Username cuando se encuentra vaci�."><skipped/></testcase><testcase name="Campo de texto Password solo debe permitir como maximo el ingreso de doce caracteres."><skipped/></testcase><testcase name="Campo de texto Password solo debe permitir como minimo el ingreso de cuatro caracteres."><skipped/></testcase><testcase name="validaci�n campo Password cuando se encuentra vaci�."><skipped/></testcase><testcase name="validaci�n campo Password tenga almenos una palabra en Mayuscula."><skipped/></testcase><testcase name="validaci�n campo Password tenga almenos una n�mero."><skipped/></testcase><testcase name="validaci�n campo Confirm Password cuando no coincida con el campo Password."><skipped/></testcase><testcase name="validaci�n campo Confirm Password cuando se encuentra vaci�."><skipped/></testcase><testcase name="Campo de texto First name solo debe permitir como maximo el ingreso de treinta caracteres."><skipped/></testcase><testcase name="Campo de texto First name solo debe permitir como minimo el ingreso de dos caracteres."><skipped/></testcase><testcase name="Campo de texto last name solo debe permitir como maximo el ingreso de treinta caracteres."><skipped/></testcase><testcase name="Campo de texto First name solo debe permitir como minimo el ingreso de dos caracteres."><skipped/></testcase><testcase name="Campo de texto Phone Number solo debe permitir como maximo el ingreso de veinte caracteres."><skipped/></testcase><testcase name="Campo de texto City solo debe permitir como maximo el ingreso de veinticinco caracteres."><skipped/></testcase><testcase name="Campo de texto Address solo debe permitir como maximo el ingreso de cincuenta caracteres."><skipped/></testcase><testcase name="Campo de texto State/Province/Region solo debe permitir como maximo el ingreso de diez caracteres."><skipped/></testcase><testcase name="Campo de texto Postal Code solo debe permitir como maximo el ingreso de diez caracteres."><skipped/></testcase><testcase name="Bot�n de Registro no se debe habilitar si el campo Username se encuentra vacio o mal diligenciado."><skipped/></testcase></testsuite>